INFO 2017-04-07 11:26:34 org.springframework.web.context.ContextLoader.initWebApplicationContext(285) | Root WebApplicationContext: initialization started 
 INFO 2017-04-07 11:26:34 org.springframework.context.support.AbstractApplicationContext.prepareRefresh(513) | Refreshing Root WebApplicationContext: startup date [Fri Apr 07 11:26:34 CST 2017]; root of context hierarchy 
 INFO 2017-04-07 11:26:34 org.springframework.beans.factory.xml.XmlBeanDefinitionReader.loadBeanDefinitions(316) | Loading XML bean definitions from class path resource [spring-mybatis.xml] 
 INFO 2017-04-07 11:26:34 org.springframework.core.io.support.PropertiesLoaderSupport.loadProperties(172) | Loading properties file from URL [file:/C:/Git/J2EE/SMM/target/classes/jdbc.properties] 
 INFO 2017-04-07 11:26:34 org.springframework.beans.factory.annotation.AutowiredAnnotationBeanPostProcessor.<init>(141) | JSR-330 'javax.inject.Inject' annotation found and supported for autowiring 
 INFO 2017-04-07 11:26:34 org.springframework.web.context.ContextLoader.initWebApplicationContext(325) | Root WebApplicationContext: initialization completed in 618 ms 
 INFO 2017-04-07 11:26:34 org.springframework.web.servlet.FrameworkServlet.initServletBean(479) | FrameworkServlet 'SpringMVC': initialization started 
 INFO 2017-04-07 11:26:34 org.springframework.context.support.AbstractApplicationContext.prepareRefresh(513) | Refreshing WebApplicationContext for namespace 'SpringMVC-servlet': startup date [Fri Apr 07 11:26:34 CST 2017]; parent: Root WebApplicationContext 
 INFO 2017-04-07 11:26:34 org.springframework.beans.factory.xml.XmlBeanDefinitionReader.loadBeanDefinitions(316) | Loading XML bean definitions from class path resource [spring-mvc.xml] 
 INFO 2017-04-07 11:26:35 org.springframework.beans.factory.annotation.AutowiredAnnotationBeanPostProcessor.<init>(141) | JSR-330 'javax.inject.Inject' annotation found and supported for autowiring 
 INFO 2017-04-07 11:26:35 org.springframework.web.servlet.handler.AbstractUrlHandlerMapping.registerHandler(315) | Mapped URL path [/**] onto handler 'org.springframework.web.servlet.resource.DefaultServletHttpRequestHandler#0' 
 INFO 2017-04-07 11:26:35 org.springframework.web.servlet.handler.AbstractHandlerMethodMapping.registerHandlerMethod(182) | Mapped "{[/acct/users/{name}],methods=[GET],params=[],headers=[],consumes=[],produces=[application/json;charset=utf-8],custom=[]}" onto public java.lang.String com.cn.hnust.controller.UserController.getUserByName(java.lang.String) throws java.lang.Exception 
 INFO 2017-04-07 11:26:35 org.springframework.web.servlet.handler.AbstractHandlerMethodMapping.registerHandlerMethod(182) | Mapped "{[/acct/users],methods=[POST],params=[],headers=[],consumes=[],produces=[application/json;charset=utf-8],custom=[]}" onto public java.lang.String com.cn.hnust.controller.UserController.addUser(java.lang.String,javax.servlet.http.HttpServletRequest) throws com.alibaba.fastjson.JSONException 
 INFO 2017-04-07 11:26:35 org.springframework.web.servlet.handler.AbstractHandlerMethodMapping.registerHandlerMethod(182) | Mapped "{[/acct/users/{id}],methods=[DELETE],params=[],headers=[],consumes=[],produces=[application/json;charset=utf-8],custom=[]}" onto public java.lang.String com.cn.hnust.controller.UserController.delUserById(java.lang.String) throws java.lang.Exception 
 INFO 2017-04-07 11:26:35 org.springframework.web.servlet.handler.AbstractHandlerMethodMapping.registerHandlerMethod(182) | Mapped "{[/api-docs/{swaggerGroup}/{apiDeclaration}],methods=[GET],params=[],headers=[],consumes=[],produces=[],custom=[]}" onto public org.springframework.http.ResponseEntity<com.mangofactory.swagger.models.dto.ApiListing> com.mangofactory.swagger.controllers.DefaultSwaggerController.getApiListing(java.lang.String,java.lang.String) 
 INFO 2017-04-07 11:26:35 org.springframework.web.servlet.handler.AbstractHandlerMethodMapping.registerHandlerMethod(182) | Mapped "{[/api-docs],methods=[GET],params=[],headers=[],consumes=[],produces=[],custom=[]}" onto public org.springframework.http.ResponseEntity<com.mangofactory.swagger.models.dto.ResourceListing> com.mangofactory.swagger.controllers.DefaultSwaggerController.getResourceListing(java.lang.String) 
 INFO 2017-04-07 11:26:35 org.springframework.web.servlet.handler.AbstractUrlHandlerMapping.registerHandler(315) | Mapped URL path [/swagger/**] onto handler 'org.springframework.web.servlet.resource.ResourceHttpRequestHandler#0' 
 INFO 2017-04-07 11:26:35 com.mangofactory.swagger.plugin.SwaggerPluginAdapter.onApplicationEvent(33) | Context refreshed 
 INFO 2017-04-07 11:26:35 com.mangofactory.swagger.plugin.SwaggerPluginAdapter.onApplicationEvent(46) | Found custom SwaggerSpringMvcPlugins 
 INFO 2017-04-07 11:26:35 com.mangofactory.swagger.plugin.SwaggerPluginAdapter.onApplicationEvent(50) | initializing plugin bean customImplementation 
 INFO 2017-04-07 11:26:35 com.mangofactory.swagger.scanners.ApiListingReferenceScanner.scan(55) | Scanning for api listing references 
 INFO 2017-04-07 11:26:35 com.mangofactory.swagger.core.ClassOrApiAnnotationResourceGrouping.getResourceGroups(50) | Group for method getUserByName was 用户 
 INFO 2017-04-07 11:26:35 com.mangofactory.swagger.scanners.ApiListingReferenceScanner.scanSpringRequestMappings(78) | Request mapping: getUserByName belongs to groups: [[ResourceGroup{groupName='用户', position=0}]]  
 INFO 2017-04-07 11:26:35 com.mangofactory.swagger.scanners.ApiListingReferenceScanner.scanSpringRequestMappings(82) | Adding resource to group:ResourceGroup{groupName='用户', position=0} with description:关于用户的CURD操作 for handler method:getUserByName 
 INFO 2017-04-07 11:26:35 com.mangofactory.swagger.core.ClassOrApiAnnotationResourceGrouping.getResourceGroups(50) | Group for method addUser was 用户 
 INFO 2017-04-07 11:26:35 com.mangofactory.swagger.scanners.ApiListingReferenceScanner.scanSpringRequestMappings(78) | Request mapping: addUser belongs to groups: [[ResourceGroup{groupName='用户', position=0}]]  
 INFO 2017-04-07 11:26:35 com.mangofactory.swagger.scanners.ApiListingReferenceScanner.scanSpringRequestMappings(82) | Adding resource to group:ResourceGroup{groupName='用户', position=0} with description:关于用户的CURD操作 for handler method:addUser 
 INFO 2017-04-07 11:26:35 com.mangofactory.swagger.core.ClassOrApiAnnotationResourceGrouping.getResourceGroups(50) | Group for method delUserById was 用户 
 INFO 2017-04-07 11:26:35 com.mangofactory.swagger.scanners.ApiListingReferenceScanner.scanSpringRequestMappings(78) | Request mapping: delUserById belongs to groups: [[ResourceGroup{groupName='用户', position=0}]]  
 INFO 2017-04-07 11:26:35 com.mangofactory.swagger.scanners.ApiListingReferenceScanner.scanSpringRequestMappings(82) | Adding resource to group:ResourceGroup{groupName='用户', position=0} with description:关于用户的CURD操作 for handler method:delUserById 
 INFO 2017-04-07 11:26:35 com.mangofactory.swagger.core.RequestMappingEvaluator.hasIgnoredAnnotatedRequestMapping(74) | Excluding method as it contains the excluded annotation: interface com.mangofactory.swagger.annotations.ApiIgnore 
 INFO 2017-04-07 11:26:35 com.mangofactory.swagger.core.RequestMappingEvaluator.hasIgnoredAnnotatedRequestMapping(74) | Excluding method as it contains the excluded annotation: interface com.mangofactory.swagger.annotations.ApiIgnore 
 INFO 2017-04-07 11:26:35 com.mangofactory.swagger.scanners.ApiListingReferenceScanner.scanSpringRequestMappings(96) | Created resource listing Path: /default/用户 Description: 用户 Position: 0 
 INFO 2017-04-07 11:26:35 com.mangofactory.swagger.core.SwaggerApiResourceListing.initialize(89) | Added a resource listing with (1) api resources:  
 INFO 2017-04-07 11:26:35 com.mangofactory.swagger.core.SwaggerApiResourceListing.initialize(93) |   关于用户的CURD操作 at location: /api-docs/default/用户 
 INFO 2017-04-07 11:26:35 org.springframework.web.servlet.FrameworkServlet.initServletBean(498) | FrameworkServlet 'SpringMVC': initialization completed in 771 ms 
 INFO 2017-04-07 11:29:35 org.springframework.web.context.ContextLoader.initWebApplicationContext(285) | Root WebApplicationContext: initialization started 
 INFO 2017-04-07 11:29:36 org.springframework.context.support.AbstractApplicationContext.prepareRefresh(513) | Refreshing Root WebApplicationContext: startup date [Fri Apr 07 11:29:36 CST 2017]; root of context hierarchy 
 INFO 2017-04-07 11:29:36 org.springframework.beans.factory.xml.XmlBeanDefinitionReader.loadBeanDefinitions(316) | Loading XML bean definitions from class path resource [spring-mybatis.xml] 
 INFO 2017-04-07 11:29:36 org.springframework.core.io.support.PropertiesLoaderSupport.loadProperties(172) | Loading properties file from URL [file:/C:/Git/J2EE/SMM/target/classes/jdbc.properties] 
 INFO 2017-04-07 11:29:36 org.springframework.beans.factory.annotation.AutowiredAnnotationBeanPostProcessor.<init>(141) | JSR-330 'javax.inject.Inject' annotation found and supported for autowiring 
 INFO 2017-04-07 11:29:36 org.springframework.web.context.ContextLoader.initWebApplicationContext(325) | Root WebApplicationContext: initialization completed in 1008 ms 
 INFO 2017-04-07 11:29:37 org.springframework.web.servlet.FrameworkServlet.initServletBean(479) | FrameworkServlet 'SpringMVC': initialization started 
 INFO 2017-04-07 11:29:37 org.springframework.context.support.AbstractApplicationContext.prepareRefresh(513) | Refreshing WebApplicationContext for namespace 'SpringMVC-servlet': startup date [Fri Apr 07 11:29:37 CST 2017]; parent: Root WebApplicationContext 
 INFO 2017-04-07 11:29:37 org.springframework.beans.factory.xml.XmlBeanDefinitionReader.loadBeanDefinitions(316) | Loading XML bean definitions from class path resource [spring-mvc.xml] 
 INFO 2017-04-07 11:29:37 org.springframework.beans.factory.annotation.AutowiredAnnotationBeanPostProcessor.<init>(141) | JSR-330 'javax.inject.Inject' annotation found and supported for autowiring 
 INFO 2017-04-07 11:29:37 org.springframework.web.servlet.handler.AbstractUrlHandlerMapping.registerHandler(315) | Mapped URL path [/**] onto handler 'org.springframework.web.servlet.resource.DefaultServletHttpRequestHandler#0' 
 INFO 2017-04-07 11:29:37 org.springframework.web.servlet.handler.AbstractHandlerMethodMapping.registerHandlerMethod(182) | Mapped "{[/acct/users/{name}],methods=[GET],params=[],headers=[],consumes=[],produces=[application/json;charset=utf-8],custom=[]}" onto public java.lang.String com.cn.hnust.controller.UserController.getUserByName(java.lang.String) throws java.lang.Exception 
 INFO 2017-04-07 11:29:37 org.springframework.web.servlet.handler.AbstractHandlerMethodMapping.registerHandlerMethod(182) | Mapped "{[/acct/users/{id}],methods=[DELETE],params=[],headers=[],consumes=[],produces=[application/json;charset=utf-8],custom=[]}" onto public java.lang.String com.cn.hnust.controller.UserController.delUserById(java.lang.String) throws java.lang.Exception 
 INFO 2017-04-07 11:29:37 org.springframework.web.servlet.handler.AbstractHandlerMethodMapping.registerHandlerMethod(182) | Mapped "{[/acct/users],methods=[POST],params=[],headers=[],consumes=[],produces=[application/json;charset=utf-8],custom=[]}" onto public java.lang.String com.cn.hnust.controller.UserController.addUser(java.lang.String,javax.servlet.http.HttpServletRequest) throws com.alibaba.fastjson.JSONException 
 INFO 2017-04-07 11:29:37 org.springframework.web.servlet.handler.AbstractHandlerMethodMapping.registerHandlerMethod(182) | Mapped "{[/api-docs/{swaggerGroup}/{apiDeclaration}],methods=[GET],params=[],headers=[],consumes=[],produces=[],custom=[]}" onto public org.springframework.http.ResponseEntity<com.mangofactory.swagger.models.dto.ApiListing> com.mangofactory.swagger.controllers.DefaultSwaggerController.getApiListing(java.lang.String,java.lang.String) 
 INFO 2017-04-07 11:29:37 org.springframework.web.servlet.handler.AbstractHandlerMethodMapping.registerHandlerMethod(182) | Mapped "{[/api-docs],methods=[GET],params=[],headers=[],consumes=[],produces=[],custom=[]}" onto public org.springframework.http.ResponseEntity<com.mangofactory.swagger.models.dto.ResourceListing> com.mangofactory.swagger.controllers.DefaultSwaggerController.getResourceListing(java.lang.String) 
 INFO 2017-04-07 11:29:37 org.springframework.web.servlet.handler.AbstractUrlHandlerMapping.registerHandler(315) | Mapped URL path [/swagger/**] onto handler 'org.springframework.web.servlet.resource.ResourceHttpRequestHandler#0' 
 INFO 2017-04-07 11:29:38 com.mangofactory.swagger.plugin.SwaggerPluginAdapter.onApplicationEvent(33) | Context refreshed 
 INFO 2017-04-07 11:29:38 com.mangofactory.swagger.plugin.SwaggerPluginAdapter.onApplicationEvent(46) | Found custom SwaggerSpringMvcPlugins 
 INFO 2017-04-07 11:29:38 com.mangofactory.swagger.plugin.SwaggerPluginAdapter.onApplicationEvent(50) | initializing plugin bean customImplementation 
 INFO 2017-04-07 11:29:38 com.mangofactory.swagger.scanners.ApiListingReferenceScanner.scan(55) | Scanning for api listing references 
 INFO 2017-04-07 11:29:38 com.mangofactory.swagger.core.ClassOrApiAnnotationResourceGrouping.getResourceGroups(50) | Group for method getUserByName was 用户 
 INFO 2017-04-07 11:29:38 com.mangofactory.swagger.scanners.ApiListingReferenceScanner.scanSpringRequestMappings(78) | Request mapping: getUserByName belongs to groups: [[ResourceGroup{groupName='用户', position=0}]]  
 INFO 2017-04-07 11:29:38 com.mangofactory.swagger.scanners.ApiListingReferenceScanner.scanSpringRequestMappings(82) | Adding resource to group:ResourceGroup{groupName='用户', position=0} with description:关于用户的CURD操作 for handler method:getUserByName 
 INFO 2017-04-07 11:29:38 com.mangofactory.swagger.core.ClassOrApiAnnotationResourceGrouping.getResourceGroups(50) | Group for method delUserById was 用户 
 INFO 2017-04-07 11:29:38 com.mangofactory.swagger.scanners.ApiListingReferenceScanner.scanSpringRequestMappings(78) | Request mapping: delUserById belongs to groups: [[ResourceGroup{groupName='用户', position=0}]]  
 INFO 2017-04-07 11:29:38 com.mangofactory.swagger.scanners.ApiListingReferenceScanner.scanSpringRequestMappings(82) | Adding resource to group:ResourceGroup{groupName='用户', position=0} with description:关于用户的CURD操作 for handler method:delUserById 
 INFO 2017-04-07 11:29:38 com.mangofactory.swagger.core.ClassOrApiAnnotationResourceGrouping.getResourceGroups(50) | Group for method addUser was 用户 
 INFO 2017-04-07 11:29:38 com.mangofactory.swagger.scanners.ApiListingReferenceScanner.scanSpringRequestMappings(78) | Request mapping: addUser belongs to groups: [[ResourceGroup{groupName='用户', position=0}]]  
 INFO 2017-04-07 11:29:38 com.mangofactory.swagger.scanners.ApiListingReferenceScanner.scanSpringRequestMappings(82) | Adding resource to group:ResourceGroup{groupName='用户', position=0} with description:关于用户的CURD操作 for handler method:addUser 
 INFO 2017-04-07 11:29:38 com.mangofactory.swagger.core.RequestMappingEvaluator.hasIgnoredAnnotatedRequestMapping(74) | Excluding method as it contains the excluded annotation: interface com.mangofactory.swagger.annotations.ApiIgnore 
 INFO 2017-04-07 11:29:38 com.mangofactory.swagger.core.RequestMappingEvaluator.hasIgnoredAnnotatedRequestMapping(74) | Excluding method as it contains the excluded annotation: interface com.mangofactory.swagger.annotations.ApiIgnore 
 INFO 2017-04-07 11:29:38 com.mangofactory.swagger.scanners.ApiListingReferenceScanner.scanSpringRequestMappings(96) | Created resource listing Path: /default/用户 Description: 用户 Position: 0 
 INFO 2017-04-07 11:29:38 com.mangofactory.swagger.core.SwaggerApiResourceListing.initialize(89) | Added a resource listing with (1) api resources:  
 INFO 2017-04-07 11:29:38 com.mangofactory.swagger.core.SwaggerApiResourceListing.initialize(93) |   关于用户的CURD操作 at location: /api-docs/default/用户 
 INFO 2017-04-07 11:29:38 org.springframework.web.servlet.FrameworkServlet.initServletBean(498) | FrameworkServlet 'SpringMVC': initialization completed in 1404 ms 
 INFO 2017-04-07 13:12:21 org.springframework.web.context.ContextLoader.initWebApplicationContext(285) | Root WebApplicationContext: initialization started 
 INFO 2017-04-07 13:12:21 org.springframework.context.support.AbstractApplicationContext.prepareRefresh(513) | Refreshing Root WebApplicationContext: startup date [Fri Apr 07 13:12:21 CST 2017]; root of context hierarchy 
 INFO 2017-04-07 13:12:21 org.springframework.beans.factory.xml.XmlBeanDefinitionReader.loadBeanDefinitions(316) | Loading XML bean definitions from class path resource [spring-mybatis.xml] 
 INFO 2017-04-07 13:12:22 org.springframework.core.io.support.PropertiesLoaderSupport.loadProperties(172) | Loading properties file from URL [file:/C:/Git/J2EE/SMM/target/classes/jdbc.properties] 
 INFO 2017-04-07 13:12:22 org.springframework.beans.factory.annotation.AutowiredAnnotationBeanPostProcessor.<init>(141) | JSR-330 'javax.inject.Inject' annotation found and supported for autowiring 
 INFO 2017-04-07 13:12:22 org.springframework.web.context.ContextLoader.initWebApplicationContext(325) | Root WebApplicationContext: initialization completed in 930 ms 
 INFO 2017-04-07 13:12:22 org.springframework.web.servlet.FrameworkServlet.initServletBean(479) | FrameworkServlet 'SpringMVC': initialization started 
 INFO 2017-04-07 13:12:22 org.springframework.context.support.AbstractApplicationContext.prepareRefresh(513) | Refreshing WebApplicationContext for namespace 'SpringMVC-servlet': startup date [Fri Apr 07 13:12:22 CST 2017]; parent: Root WebApplicationContext 
 INFO 2017-04-07 13:12:22 org.springframework.beans.factory.xml.XmlBeanDefinitionReader.loadBeanDefinitions(316) | Loading XML bean definitions from class path resource [spring-mvc.xml] 
 INFO 2017-04-07 13:12:22 org.springframework.beans.factory.annotation.AutowiredAnnotationBeanPostProcessor.<init>(141) | JSR-330 'javax.inject.Inject' annotation found and supported for autowiring 
 INFO 2017-04-07 13:12:22 org.springframework.web.servlet.handler.AbstractUrlHandlerMapping.registerHandler(315) | Mapped URL path [/**] onto handler 'org.springframework.web.servlet.resource.DefaultServletHttpRequestHandler#0' 
 INFO 2017-04-07 13:12:23 org.springframework.web.servlet.handler.AbstractHandlerMethodMapping.registerHandlerMethod(182) | Mapped "{[/acct/users/{name}],methods=[GET],params=[],headers=[],consumes=[],produces=[application/json;charset=utf-8],custom=[]}" onto public java.lang.String com.cn.hnust.controller.UserController.getUserByName(java.lang.String) throws java.lang.Exception 
 INFO 2017-04-07 13:12:23 org.springframework.web.servlet.handler.AbstractHandlerMethodMapping.registerHandlerMethod(182) | Mapped "{[/acct/users],methods=[POST],params=[],headers=[],consumes=[],produces=[application/json;charset=utf-8],custom=[]}" onto public java.lang.String com.cn.hnust.controller.UserController.addUser(java.lang.String,javax.servlet.http.HttpServletRequest) throws com.alibaba.fastjson.JSONException 
 INFO 2017-04-07 13:12:23 org.springframework.web.servlet.handler.AbstractHandlerMethodMapping.registerHandlerMethod(182) | Mapped "{[/acct/users/{id}],methods=[DELETE],params=[],headers=[],consumes=[],produces=[application/json;charset=utf-8],custom=[]}" onto public java.lang.String com.cn.hnust.controller.UserController.delUserById(java.lang.String) throws java.lang.Exception 
 INFO 2017-04-07 13:12:23 org.springframework.web.servlet.handler.AbstractHandlerMethodMapping.registerHandlerMethod(182) | Mapped "{[/api-docs],methods=[GET],params=[],headers=[],consumes=[],produces=[],custom=[]}" onto public org.springframework.http.ResponseEntity<com.mangofactory.swagger.models.dto.ResourceListing> com.mangofactory.swagger.controllers.DefaultSwaggerController.getResourceListing(java.lang.String) 
 INFO 2017-04-07 13:12:23 org.springframework.web.servlet.handler.AbstractHandlerMethodMapping.registerHandlerMethod(182) | Mapped "{[/api-docs/{swaggerGroup}/{apiDeclaration}],methods=[GET],params=[],headers=[],consumes=[],produces=[],custom=[]}" onto public org.springframework.http.ResponseEntity<com.mangofactory.swagger.models.dto.ApiListing> com.mangofactory.swagger.controllers.DefaultSwaggerController.getApiListing(java.lang.String,java.lang.String) 
 INFO 2017-04-07 13:12:23 org.springframework.web.servlet.handler.AbstractUrlHandlerMapping.registerHandler(315) | Mapped URL path [/swagger/**] onto handler 'org.springframework.web.servlet.resource.ResourceHttpRequestHandler#0' 
 INFO 2017-04-07 13:12:23 com.mangofactory.swagger.plugin.SwaggerPluginAdapter.onApplicationEvent(33) | Context refreshed 
 INFO 2017-04-07 13:12:23 com.mangofactory.swagger.plugin.SwaggerPluginAdapter.onApplicationEvent(46) | Found custom SwaggerSpringMvcPlugins 
 INFO 2017-04-07 13:12:23 com.mangofactory.swagger.plugin.SwaggerPluginAdapter.onApplicationEvent(50) | initializing plugin bean customImplementation 
 INFO 2017-04-07 13:12:23 com.mangofactory.swagger.scanners.ApiListingReferenceScanner.scan(55) | Scanning for api listing references 
 INFO 2017-04-07 13:12:23 com.mangofactory.swagger.core.ClassOrApiAnnotationResourceGrouping.getResourceGroups(50) | Group for method getUserByName was 用户 
 INFO 2017-04-07 13:12:23 com.mangofactory.swagger.scanners.ApiListingReferenceScanner.scanSpringRequestMappings(78) | Request mapping: getUserByName belongs to groups: [[ResourceGroup{groupName='用户', position=0}]]  
 INFO 2017-04-07 13:12:23 com.mangofactory.swagger.scanners.ApiListingReferenceScanner.scanSpringRequestMappings(82) | Adding resource to group:ResourceGroup{groupName='用户', position=0} with description:关于用户的CURD操作 for handler method:getUserByName 
 INFO 2017-04-07 13:12:23 com.mangofactory.swagger.core.ClassOrApiAnnotationResourceGrouping.getResourceGroups(50) | Group for method addUser was 用户 
 INFO 2017-04-07 13:12:23 com.mangofactory.swagger.scanners.ApiListingReferenceScanner.scanSpringRequestMappings(78) | Request mapping: addUser belongs to groups: [[ResourceGroup{groupName='用户', position=0}]]  
 INFO 2017-04-07 13:12:23 com.mangofactory.swagger.scanners.ApiListingReferenceScanner.scanSpringRequestMappings(82) | Adding resource to group:ResourceGroup{groupName='用户', position=0} with description:关于用户的CURD操作 for handler method:addUser 
 INFO 2017-04-07 13:12:23 com.mangofactory.swagger.core.ClassOrApiAnnotationResourceGrouping.getResourceGroups(50) | Group for method delUserById was 用户 
 INFO 2017-04-07 13:12:23 com.mangofactory.swagger.scanners.ApiListingReferenceScanner.scanSpringRequestMappings(78) | Request mapping: delUserById belongs to groups: [[ResourceGroup{groupName='用户', position=0}]]  
 INFO 2017-04-07 13:12:23 com.mangofactory.swagger.scanners.ApiListingReferenceScanner.scanSpringRequestMappings(82) | Adding resource to group:ResourceGroup{groupName='用户', position=0} with description:关于用户的CURD操作 for handler method:delUserById 
 INFO 2017-04-07 13:12:23 com.mangofactory.swagger.core.RequestMappingEvaluator.hasIgnoredAnnotatedRequestMapping(74) | Excluding method as it contains the excluded annotation: interface com.mangofactory.swagger.annotations.ApiIgnore 
 INFO 2017-04-07 13:12:23 com.mangofactory.swagger.core.RequestMappingEvaluator.hasIgnoredAnnotatedRequestMapping(74) | Excluding method as it contains the excluded annotation: interface com.mangofactory.swagger.annotations.ApiIgnore 
 INFO 2017-04-07 13:12:23 com.mangofactory.swagger.scanners.ApiListingReferenceScanner.scanSpringRequestMappings(96) | Created resource listing Path: /default/用户 Description: 用户 Position: 0 
 INFO 2017-04-07 13:12:23 com.mangofactory.swagger.core.SwaggerApiResourceListing.initialize(89) | Added a resource listing with (1) api resources:  
 INFO 2017-04-07 13:12:23 com.mangofactory.swagger.core.SwaggerApiResourceListing.initialize(93) |   关于用户的CURD操作 at location: /api-docs/default/用户 
 INFO 2017-04-07 13:12:23 org.springframework.web.servlet.FrameworkServlet.initServletBean(498) | FrameworkServlet 'SpringMVC': initialization completed in 1383 ms 
 INFO 2017-04-07 13:20:34 org.springframework.web.context.ContextLoader.initWebApplicationContext(285) | Root WebApplicationContext: initialization started 
 INFO 2017-04-07 13:20:34 org.springframework.context.support.AbstractApplicationContext.prepareRefresh(513) | Refreshing Root WebApplicationContext: startup date [Fri Apr 07 13:20:34 CST 2017]; root of context hierarchy 
 INFO 2017-04-07 13:20:34 org.springframework.beans.factory.xml.XmlBeanDefinitionReader.loadBeanDefinitions(316) | Loading XML bean definitions from class path resource [spring-mybatis.xml] 
 INFO 2017-04-07 13:20:34 org.springframework.core.io.support.PropertiesLoaderSupport.loadProperties(172) | Loading properties file from URL [file:/C:/Git/J2EE/SMM/target/classes/jdbc.properties] 
 INFO 2017-04-07 13:20:34 org.springframework.beans.factory.annotation.AutowiredAnnotationBeanPostProcessor.<init>(141) | JSR-330 'javax.inject.Inject' annotation found and supported for autowiring 
 INFO 2017-04-07 13:20:35 org.springframework.web.context.ContextLoader.initWebApplicationContext(325) | Root WebApplicationContext: initialization completed in 939 ms 
 INFO 2017-04-07 13:20:35 org.springframework.web.servlet.FrameworkServlet.initServletBean(479) | FrameworkServlet 'SpringMVC': initialization started 
 INFO 2017-04-07 13:20:35 org.springframework.context.support.AbstractApplicationContext.prepareRefresh(513) | Refreshing WebApplicationContext for namespace 'SpringMVC-servlet': startup date [Fri Apr 07 13:20:35 CST 2017]; parent: Root WebApplicationContext 
 INFO 2017-04-07 13:20:35 org.springframework.beans.factory.xml.XmlBeanDefinitionReader.loadBeanDefinitions(316) | Loading XML bean definitions from class path resource [spring-mvc.xml] 
 INFO 2017-04-07 13:20:35 org.springframework.beans.factory.annotation.AutowiredAnnotationBeanPostProcessor.<init>(141) | JSR-330 'javax.inject.Inject' annotation found and supported for autowiring 
 INFO 2017-04-07 13:20:35 org.springframework.web.servlet.handler.AbstractUrlHandlerMapping.registerHandler(315) | Mapped URL path [/**] onto handler 'org.springframework.web.servlet.resource.DefaultServletHttpRequestHandler#0' 
 INFO 2017-04-07 13:20:35 org.springframework.web.servlet.handler.AbstractHandlerMethodMapping.registerHandlerMethod(182) | Mapped "{[/acct/users/{name}],methods=[GET],params=[],headers=[],consumes=[],produces=[application/json;charset=utf-8],custom=[]}" onto public java.lang.String com.cn.hnust.controller.UserController.getUserByName(java.lang.String) throws java.lang.Exception 
 INFO 2017-04-07 13:20:35 org.springframework.web.servlet.handler.AbstractHandlerMethodMapping.registerHandlerMethod(182) | Mapped "{[/acct/users],methods=[POST],params=[],headers=[],consumes=[],produces=[application/json;charset=utf-8],custom=[]}" onto public java.lang.String com.cn.hnust.controller.UserController.addUser(java.lang.String,javax.servlet.http.HttpServletRequest) throws com.alibaba.fastjson.JSONException 
 INFO 2017-04-07 13:20:35 org.springframework.web.servlet.handler.AbstractHandlerMethodMapping.registerHandlerMethod(182) | Mapped "{[/acct/users/{id}],methods=[DELETE],params=[],headers=[],consumes=[],produces=[application/json;charset=utf-8],custom=[]}" onto public java.lang.String com.cn.hnust.controller.UserController.delUserById(java.lang.String) throws java.lang.Exception 
 INFO 2017-04-07 13:20:35 org.springframework.web.servlet.handler.AbstractHandlerMethodMapping.registerHandlerMethod(182) | Mapped "{[/api-docs],methods=[GET],params=[],headers=[],consumes=[],produces=[],custom=[]}" onto public org.springframework.http.ResponseEntity<com.mangofactory.swagger.models.dto.ResourceListing> com.mangofactory.swagger.controllers.DefaultSwaggerController.getResourceListing(java.lang.String) 
 INFO 2017-04-07 13:20:35 org.springframework.web.servlet.handler.AbstractHandlerMethodMapping.registerHandlerMethod(182) | Mapped "{[/api-docs/{swaggerGroup}/{apiDeclaration}],methods=[GET],params=[],headers=[],consumes=[],produces=[],custom=[]}" onto public org.springframework.http.ResponseEntity<com.mangofactory.swagger.models.dto.ApiListing> com.mangofactory.swagger.controllers.DefaultSwaggerController.getApiListing(java.lang.String,java.lang.String) 
 INFO 2017-04-07 13:20:36 org.springframework.web.servlet.handler.AbstractUrlHandlerMapping.registerHandler(315) | Mapped URL path [/swagger/**] onto handler 'org.springframework.web.servlet.resource.ResourceHttpRequestHandler#0' 
 INFO 2017-04-07 13:20:36 com.mangofactory.swagger.plugin.SwaggerPluginAdapter.onApplicationEvent(33) | Context refreshed 
 INFO 2017-04-07 13:20:36 com.mangofactory.swagger.plugin.SwaggerPluginAdapter.onApplicationEvent(46) | Found custom SwaggerSpringMvcPlugins 
 INFO 2017-04-07 13:20:36 com.mangofactory.swagger.plugin.SwaggerPluginAdapter.onApplicationEvent(50) | initializing plugin bean customImplementation 
 INFO 2017-04-07 13:20:36 com.mangofactory.swagger.scanners.ApiListingReferenceScanner.scan(55) | Scanning for api listing references 
 INFO 2017-04-07 13:20:36 com.mangofactory.swagger.core.ClassOrApiAnnotationResourceGrouping.getResourceGroups(50) | Group for method getUserByName was 用户 
 INFO 2017-04-07 13:20:36 com.mangofactory.swagger.scanners.ApiListingReferenceScanner.scanSpringRequestMappings(78) | Request mapping: getUserByName belongs to groups: [[ResourceGroup{groupName='用户', position=0}]]  
 INFO 2017-04-07 13:20:36 com.mangofactory.swagger.scanners.ApiListingReferenceScanner.scanSpringRequestMappings(82) | Adding resource to group:ResourceGroup{groupName='用户', position=0} with description:关于用户的CURD操作 for handler method:getUserByName 
 INFO 2017-04-07 13:20:36 com.mangofactory.swagger.core.ClassOrApiAnnotationResourceGrouping.getResourceGroups(50) | Group for method addUser was 用户 
 INFO 2017-04-07 13:20:36 com.mangofactory.swagger.scanners.ApiListingReferenceScanner.scanSpringRequestMappings(78) | Request mapping: addUser belongs to groups: [[ResourceGroup{groupName='用户', position=0}]]  
 INFO 2017-04-07 13:20:36 com.mangofactory.swagger.scanners.ApiListingReferenceScanner.scanSpringRequestMappings(82) | Adding resource to group:ResourceGroup{groupName='用户', position=0} with description:关于用户的CURD操作 for handler method:addUser 
 INFO 2017-04-07 13:20:36 com.mangofactory.swagger.core.ClassOrApiAnnotationResourceGrouping.getResourceGroups(50) | Group for method delUserById was 用户 
 INFO 2017-04-07 13:20:36 com.mangofactory.swagger.scanners.ApiListingReferenceScanner.scanSpringRequestMappings(78) | Request mapping: delUserById belongs to groups: [[ResourceGroup{groupName='用户', position=0}]]  
 INFO 2017-04-07 13:20:36 com.mangofactory.swagger.scanners.ApiListingReferenceScanner.scanSpringRequestMappings(82) | Adding resource to group:ResourceGroup{groupName='用户', position=0} with description:关于用户的CURD操作 for handler method:delUserById 
 INFO 2017-04-07 13:20:36 com.mangofactory.swagger.core.RequestMappingEvaluator.hasIgnoredAnnotatedRequestMapping(74) | Excluding method as it contains the excluded annotation: interface com.mangofactory.swagger.annotations.ApiIgnore 
 INFO 2017-04-07 13:20:36 com.mangofactory.swagger.core.RequestMappingEvaluator.hasIgnoredAnnotatedRequestMapping(74) | Excluding method as it contains the excluded annotation: interface com.mangofactory.swagger.annotations.ApiIgnore 
 INFO 2017-04-07 13:20:36 com.mangofactory.swagger.scanners.ApiListingReferenceScanner.scanSpringRequestMappings(96) | Created resource listing Path: /default/用户 Description: 用户 Position: 0 
 INFO 2017-04-07 13:20:36 com.mangofactory.swagger.core.SwaggerApiResourceListing.initialize(89) | Added a resource listing with (1) api resources:  
 INFO 2017-04-07 13:20:36 com.mangofactory.swagger.core.SwaggerApiResourceListing.initialize(93) |   关于用户的CURD操作 at location: /api-docs/default/用户 
 INFO 2017-04-07 13:20:36 org.springframework.web.servlet.FrameworkServlet.initServletBean(498) | FrameworkServlet 'SpringMVC': initialization completed in 1488 ms 
 INFO 2017-04-07 14:14:48 org.springframework.web.context.ContextLoader.initWebApplicationContext(285) | Root WebApplicationContext: initialization started 
 INFO 2017-04-07 14:14:48 org.springframework.context.support.AbstractApplicationContext.prepareRefresh(513) | Refreshing Root WebApplicationContext: startup date [Fri Apr 07 14:14:48 CST 2017]; root of context hierarchy 
 INFO 2017-04-07 14:14:48 org.springframework.beans.factory.xml.XmlBeanDefinitionReader.loadBeanDefinitions(316) | Loading XML bean definitions from class path resource [spring-mybatis.xml] 
 INFO 2017-04-07 14:14:49 org.springframework.core.io.support.PropertiesLoaderSupport.loadProperties(172) | Loading properties file from URL [file:/C:/Git/J2EE/SMM/target/classes/jdbc.properties] 
 INFO 2017-04-07 14:14:49 org.springframework.beans.factory.annotation.AutowiredAnnotationBeanPostProcessor.<init>(141) | JSR-330 'javax.inject.Inject' annotation found and supported for autowiring 
 INFO 2017-04-07 14:14:49 org.springframework.web.context.ContextLoader.initWebApplicationContext(325) | Root WebApplicationContext: initialization completed in 926 ms 
 INFO 2017-04-07 14:14:49 org.springframework.web.servlet.FrameworkServlet.initServletBean(479) | FrameworkServlet 'SpringMVC': initialization started 
 INFO 2017-04-07 14:14:49 org.springframework.context.support.AbstractApplicationContext.prepareRefresh(513) | Refreshing WebApplicationContext for namespace 'SpringMVC-servlet': startup date [Fri Apr 07 14:14:49 CST 2017]; parent: Root WebApplicationContext 
 INFO 2017-04-07 14:14:49 org.springframework.beans.factory.xml.XmlBeanDefinitionReader.loadBeanDefinitions(316) | Loading XML bean definitions from class path resource [spring-mvc.xml] 
 INFO 2017-04-07 14:14:49 org.springframework.beans.factory.annotation.AutowiredAnnotationBeanPostProcessor.<init>(141) | JSR-330 'javax.inject.Inject' annotation found and supported for autowiring 
 INFO 2017-04-07 14:14:49 org.springframework.web.servlet.handler.AbstractUrlHandlerMapping.registerHandler(315) | Mapped URL path [/**] onto handler 'org.springframework.web.servlet.resource.DefaultServletHttpRequestHandler#0' 
 INFO 2017-04-07 14:14:50 org.springframework.web.servlet.handler.AbstractHandlerMethodMapping.registerHandlerMethod(182) | Mapped "{[/acct/users/{name}],methods=[GET],params=[],headers=[],consumes=[],produces=[application/json;charset=utf-8],custom=[]}" onto public java.lang.String com.cn.hnust.controller.UserController.getUserByName(java.lang.String) throws java.lang.Exception 
 INFO 2017-04-07 14:14:50 org.springframework.web.servlet.handler.AbstractHandlerMethodMapping.registerHandlerMethod(182) | Mapped "{[/acct/users/{id}],methods=[DELETE],params=[],headers=[],consumes=[],produces=[application/json;charset=utf-8],custom=[]}" onto public java.lang.String com.cn.hnust.controller.UserController.delUserById(java.lang.String) throws java.lang.Exception 
 INFO 2017-04-07 14:14:50 org.springframework.web.servlet.handler.AbstractHandlerMethodMapping.registerHandlerMethod(182) | Mapped "{[/acct/users],methods=[POST],params=[],headers=[],consumes=[],produces=[application/json;charset=utf-8],custom=[]}" onto public java.lang.String com.cn.hnust.controller.UserController.addUser(java.lang.String,javax.servlet.http.HttpServletRequest) throws com.alibaba.fastjson.JSONException 
 INFO 2017-04-07 14:14:50 org.springframework.web.servlet.handler.AbstractHandlerMethodMapping.registerHandlerMethod(182) | Mapped "{[/api-docs/{swaggerGroup}/{apiDeclaration}],methods=[GET],params=[],headers=[],consumes=[],produces=[],custom=[]}" onto public org.springframework.http.ResponseEntity<com.mangofactory.swagger.models.dto.ApiListing> com.mangofactory.swagger.controllers.DefaultSwaggerController.getApiListing(java.lang.String,java.lang.String) 
 INFO 2017-04-07 14:14:50 org.springframework.web.servlet.handler.AbstractHandlerMethodMapping.registerHandlerMethod(182) | Mapped "{[/api-docs],methods=[GET],params=[],headers=[],consumes=[],produces=[],custom=[]}" onto public org.springframework.http.ResponseEntity<com.mangofactory.swagger.models.dto.ResourceListing> com.mangofactory.swagger.controllers.DefaultSwaggerController.getResourceListing(java.lang.String) 
 INFO 2017-04-07 14:14:50 org.springframework.web.servlet.handler.AbstractUrlHandlerMapping.registerHandler(315) | Mapped URL path [/swagger/**] onto handler 'org.springframework.web.servlet.resource.ResourceHttpRequestHandler#0' 
 INFO 2017-04-07 14:14:50 com.mangofactory.swagger.plugin.SwaggerPluginAdapter.onApplicationEvent(33) | Context refreshed 
 INFO 2017-04-07 14:14:50 com.mangofactory.swagger.plugin.SwaggerPluginAdapter.onApplicationEvent(46) | Found custom SwaggerSpringMvcPlugins 
 INFO 2017-04-07 14:14:50 com.mangofactory.swagger.plugin.SwaggerPluginAdapter.onApplicationEvent(50) | initializing plugin bean customImplementation 
 INFO 2017-04-07 14:14:50 com.mangofactory.swagger.scanners.ApiListingReferenceScanner.scan(55) | Scanning for api listing references 
 INFO 2017-04-07 14:14:50 com.mangofactory.swagger.core.ClassOrApiAnnotationResourceGrouping.getResourceGroups(50) | Group for method getUserByName was 用户 
 INFO 2017-04-07 14:14:50 com.mangofactory.swagger.scanners.ApiListingReferenceScanner.scanSpringRequestMappings(78) | Request mapping: getUserByName belongs to groups: [[ResourceGroup{groupName='用户', position=0}]]  
 INFO 2017-04-07 14:14:50 com.mangofactory.swagger.scanners.ApiListingReferenceScanner.scanSpringRequestMappings(82) | Adding resource to group:ResourceGroup{groupName='用户', position=0} with description:关于用户的CURD操作 for handler method:getUserByName 
 INFO 2017-04-07 14:14:50 com.mangofactory.swagger.core.ClassOrApiAnnotationResourceGrouping.getResourceGroups(50) | Group for method delUserById was 用户 
 INFO 2017-04-07 14:14:50 com.mangofactory.swagger.scanners.ApiListingReferenceScanner.scanSpringRequestMappings(78) | Request mapping: delUserById belongs to groups: [[ResourceGroup{groupName='用户', position=0}]]  
 INFO 2017-04-07 14:14:50 com.mangofactory.swagger.scanners.ApiListingReferenceScanner.scanSpringRequestMappings(82) | Adding resource to group:ResourceGroup{groupName='用户', position=0} with description:关于用户的CURD操作 for handler method:delUserById 
 INFO 2017-04-07 14:14:50 com.mangofactory.swagger.core.ClassOrApiAnnotationResourceGrouping.getResourceGroups(50) | Group for method addUser was 用户 
 INFO 2017-04-07 14:14:50 com.mangofactory.swagger.scanners.ApiListingReferenceScanner.scanSpringRequestMappings(78) | Request mapping: addUser belongs to groups: [[ResourceGroup{groupName='用户', position=0}]]  
 INFO 2017-04-07 14:14:50 com.mangofactory.swagger.scanners.ApiListingReferenceScanner.scanSpringRequestMappings(82) | Adding resource to group:ResourceGroup{groupName='用户', position=0} with description:关于用户的CURD操作 for handler method:addUser 
 INFO 2017-04-07 14:14:50 com.mangofactory.swagger.core.RequestMappingEvaluator.hasIgnoredAnnotatedRequestMapping(74) | Excluding method as it contains the excluded annotation: interface com.mangofactory.swagger.annotations.ApiIgnore 
 INFO 2017-04-07 14:14:50 com.mangofactory.swagger.core.RequestMappingEvaluator.hasIgnoredAnnotatedRequestMapping(74) | Excluding method as it contains the excluded annotation: interface com.mangofactory.swagger.annotations.ApiIgnore 
 INFO 2017-04-07 14:14:50 com.mangofactory.swagger.scanners.ApiListingReferenceScanner.scanSpringRequestMappings(96) | Created resource listing Path: /default/用户 Description: 用户 Position: 0 
 INFO 2017-04-07 14:14:50 com.mangofactory.swagger.core.SwaggerApiResourceListing.initialize(89) | Added a resource listing with (1) api resources:  
 INFO 2017-04-07 14:14:50 com.mangofactory.swagger.core.SwaggerApiResourceListing.initialize(93) |   关于用户的CURD操作 at location: /api-docs/default/用户 
 INFO 2017-04-07 14:14:50 org.springframework.web.servlet.FrameworkServlet.initServletBean(498) | FrameworkServlet 'SpringMVC': initialization completed in 1412 ms 
 